Sat Feb 12 11:58:48 PM EST 2022
[ 2022-12-20 00:17:17 ] FlowCTRL [ DEBUG ] - 139921449041984 - flow-init - 346: init_flowctrl - 
[ 2022-12-20 00:17:17 ] FlowCTRL [ DEBUG ] - 139921449041984 - bp_general.py - 33: clear_screen - 
[ 2022-12-20 00:17:17 ] FlowCTRL [ DEBUG ] - 139921449041984 - flow-init - 306: action_handler - 
[ 2022-12-20 00:17:17 ] FlowCTRL [ DEBUG ] - 139921449041984 - procedure_handler.py - 212: setup - 
[ 2022-12-20 00:17:17 ] FlowCTRL [ DEBUG ] - 139921449041984 - bp_shell.py - 13: shell_cmd - 
[ 2022-12-20 00:17:17 ] FlowCTRL [ DEBUG ] - 139921449041984 - bp_shell.py - 14: shell_cmd - Issuing system command: (touch .fc-state.tmp .fc-report.tmp &> /dev/null)
[ 2022-12-20 00:17:17 ] FlowCTRL [ DEBUG ] - 139921449041984 - bp_shell.py - 19: shell_cmd - Output: (b''), Errors: (b'')
[ 2022-12-20 00:17:17 ] FlowCTRL [ INFO ] - 139921449041984 - bp_general.py - 54: stdout_msg - Processing action... (start)
[ 2022-12-20 00:17:17 ] FlowCTRL [ DEBUG ] - 139921449041984 - flow-init - 103: action_start - 
[ 2022-12-20 00:17:17 ] FlowCTRL [ INFO ] - 139921449041984 - bp_general.py - 72: stdout_msg - ...
[ INFO ]: Action start...
[ 2022-12-20 00:17:17 ] FlowCTRL [ DEBUG ] - 139921449041984 - flow-init - 114: process_procedure_sketch_files - 
[ 2022-12-20 00:17:17 ] FlowCTRL [ DEBUG ] - 139921449041984 - abstract_handler.py - 80: load - 
[ 2022-12-20 00:17:17 ] FlowCTRL [ DEBUG ] - 139921449041984 - bp_convertors.py - 16: json2dict - Converted JSON: ({'Stage 1': [{'name': 'Test procedure 1', 'time': '5m', 'cmd': "ls -la && echo 'Hey, this worked!' || echo 'What? Why?!!'; sleep 10", 'setup-cmd': "echo 'Preparing to execute payload...'", 'teardown-cmd': "echo 'Payload executed!'", 'on-ok-cmd': "echo 'Well, this went well.'", 'on-nok-cmd': "echo 'This did not go well man! Fix this shit'", 'fatal-nok': False, 'timeout': '10m'}, {'name': 'Test procedure 2', 'time': '1m', 'cmd': "ls -la && echo 'Hey, this worked!' || echo 'What? Why?!!'", 'setup-cmd': "echo 'Preparing to execute payload...'", 'teardown-cmd': "echo 'Payload executed!'", 'on-ok-cmd': '', 'on-nok-cmd': "echo 'This did not go well man! Fix this shit'", 'fatal-nok': False, 'timeout': '3m'}], 'Stage 2': [{'name': 'Test procedure 3', 'time': '5m', 'cmd': "ls -la && echo 'Hey, this worked!' || echo 'What? Why?!!'", 'setup-cmd': "echo 'Preparing to execute payload...'", 'teardown-cmd': "echo 'Payload executed!'", 'on-ok-cmd': "echo 'Well, this went well.'", 'on-nok-cmd': '', 'fatal-nok': False, 'timeout': '10m'}, {'name': 'Test procedure 4', 'time': '1m', 'cmd': "ls -la && echo 'Hey, this worked!' || echo 'What? Why?!!'", 'setup-cmd': '', 'teardown-cmd': "echo 'Payload executed!'", 'on-ok-cmd': "echo 'Well, this went well.'", 'on-nok-cmd': "echo 'This did not go well man! Fix this shit'", 'fatal-nok': False, 'timeout': '3m'}]})
[ 2022-12-20 00:17:17 ] FlowCTRL [ DEBUG ] - 139921449041984 - abstract_handler.py - 55: update_state_record - 
[ 2022-12-20 00:17:17 ] FlowCTRL [ DEBUG ] - 139921449041984 - bp_checkers.py - 20: check_file_exists - 
[ 2022-12-20 00:17:17 ] FlowCTRL [ DEBUG ] - 139921449041984 - bp_general.py - 13: write2file - 
[ 2022-12-20 00:17:17 ] FlowCTRL [ DEBUG ] - 139921449041984 - bp_general.py - 28: write2file - Wrote to file (.fc-state.tmp):

,dump/test_procedure.json,,,2022-12-20 00:17:17.264718

[ 2022-12-20 00:17:17 ] FlowCTRL [ DEBUG ] - 139921449041984 - bp_convertors.py - 16: json2dict - Converted JSON: ({'Stage 1': [{'name': 'Test procedure 1', 'time': '5m', 'cmd': "ls -la && echo 'Hey, this worked!' || echo 'What? Why?!!'; sleep 10", 'setup-cmd': "echo 'Preparing to execute payload...'", 'teardown-cmd': "echo 'Payload executed!'", 'on-ok-cmd': "echo 'Well, this went well.'", 'on-nok-cmd': "echo 'This did not go well man! Fix this shit'", 'fatal-nok': False, 'timeout': '10m'}, {'name': 'Test procedure 2', 'time': '1m', 'cmd': "ls -la && echo 'Hey, this worked!' || echo 'What? Why?!!'", 'setup-cmd': "echo 'Preparing to execute payload...'", 'teardown-cmd': "echo 'Payload executed!'", 'on-ok-cmd': '', 'on-nok-cmd': "echo 'This did not go well man! Fix this shit'", 'fatal-nok': False, 'timeout': '3m'}], 'Stage 2': [{'name': 'Test procedure 3', 'time': '5m', 'cmd': "ls -la && echo 'Hey, this worked!' || echo 'What? Why?!!'", 'setup-cmd': "echo 'Preparing to execute payload...'", 'teardown-cmd': "echo 'Payload executed!'", 'on-ok-cmd': "echo 'Well, this went well.'", 'on-nok-cmd': '', 'fatal-nok': False, 'timeout': '10m'}, {'name': 'Test procedure 4', 'time': '1m', 'cmd': "ls -la && echo 'Hey, this worked!' || echo 'What? Why?!!'", 'setup-cmd': '', 'teardown-cmd': "echo 'Payload executed!'", 'on-ok-cmd': "echo 'Well, this went well.'", 'on-nok-cmd': "echo 'This did not go well man! Fix this shit'", 'fatal-nok': False, 'timeout': '3m'}]})
[ 2022-12-20 00:17:17 ] FlowCTRL [ DEBUG ] - 139921449041984 - abstract_handler.py - 34: set_instruction - 
[ 2022-12-20 00:17:17 ] FlowCTRL [ DEBUG ] - 139921449041984 - validator.py - 15: check_instruction - 
[ 2022-12-20 00:17:17 ] FlowCTRL [ DEBUG ] - 139921449041984 - procedure_handler.py - 176: start - 
[ 2022-12-20 00:17:17 ] FlowCTRL [ DEBUG ] - 139921449041984 - abstract_handler.py - 42: fetch_state - 
[ 2022-12-20 00:17:17 ] FlowCTRL [ DEBUG ] - 139921449041984 - abstract_handler.py - 42: fetch_state - 
[ 2022-12-20 00:17:17 ] FlowCTRL [ DEBUG ] - 139921449041984 - validator.py - 33: check_state - 
[ 2022-12-20 00:17:17 ] FlowCTRL [ DEBUG ] - 139921449041984 - validator.py - 49: validate_state_action_start - 
[ 2022-12-20 00:17:17 ] FlowCTRL [ DEBUG ] - 139921449041984 - abstract_handler.py - 71: set_state - 
[ 2022-12-20 00:17:17 ] FlowCTRL [ DEBUG ] - 139921449041984 - abstract_handler.py - 55: update_state_record - 
[ 2022-12-20 00:17:17 ] FlowCTRL [ DEBUG ] - 139921449041984 - bp_checkers.py - 20: check_file_exists - 
[ 2022-12-20 00:17:17 ] FlowCTRL [ DEBUG ] - 139921449041984 - bp_general.py - 13: write2file - 
[ 2022-12-20 00:17:17 ] FlowCTRL [ DEBUG ] - 139921449041984 - bp_general.py - 28: write2file - Wrote to file (.fc-state.tmp):

started,dump/test_procedure.json,,,2022-12-20 00:17:17.267157

[ 2022-12-20 00:17:17 ] FlowCTRL [ DEBUG ] - 139921449041984 - procedure_handler.py - 36: fetch_instruction - 
[ 2022-12-20 00:17:17 ] FlowCTRL [ DEBUG ] - 139921449041984 - procedure_handler.py - 43: process_sketch_stages - 
[ 2022-12-20 00:17:17 ] FlowCTRL [ DEBUG ] - 139921449041984 - abstract_handler.py - 34: set_instruction - 
[ 2022-12-20 00:17:17 ] FlowCTRL [ DEBUG ] - 139921449041984 - validator.py - 15: check_instruction - 
[ 2022-12-20 00:17:17 ] FlowCTRL [ DEBUG ] - 139921449041984 - abstract_handler.py - 55: update_state_record - 
[ 2022-12-20 00:17:17 ] FlowCTRL [ DEBUG ] - 139921449041984 - bp_checkers.py - 20: check_file_exists - 
[ 2022-12-20 00:17:17 ] FlowCTRL [ DEBUG ] - 139921449041984 - bp_general.py - 13: write2file - 
[ 2022-12-20 00:17:17 ] FlowCTRL [ DEBUG ] - 139921449041984 - bp_general.py - 28: write2file - Wrote to file (.fc-state.tmp):

started,dump/test_procedure.json,Stage 1,,2022-12-20 00:17:17.268090

[ 2022-12-20 00:17:17 ] FlowCTRL [ DEBUG ] - 139921449041984 - stage_handler.py - 75: start - 
[ 2022-12-20 00:17:17 ] FlowCTRL [ DEBUG ] - 139921449041984 - abstract_handler.py - 29: fetch_instruction - 
[ 2022-12-20 00:17:17 ] FlowCTRL [ DEBUG ] - 139921449041984 - validator.py - 15: check_instruction - 
[ 2022-12-20 00:17:17 ] FlowCTRL [ INFO ] - 139921449041984 - bp_general.py - 54: stdout_msg - Processing procedure stage... (Stage 1)
[ 2022-12-20 00:17:17 ] FlowCTRL [ DEBUG ] - 139921449041984 - stage_handler.py - 35: process_stage_actions - 
[ 2022-12-20 00:17:17 ] FlowCTRL [ DEBUG ] - 139921449041984 - abstract_handler.py - 34: set_instruction - 
[ 2022-12-20 00:17:17 ] FlowCTRL [ DEBUG ] - 139921449041984 - validator.py - 15: check_instruction - 
[ 2022-12-20 00:17:17 ] FlowCTRL [ DEBUG ] - 139921449041984 - abstract_handler.py - 55: update_state_record - 
[ 2022-12-20 00:17:17 ] FlowCTRL [ DEBUG ] - 139921449041984 - bp_checkers.py - 20: check_file_exists - 
[ 2022-12-20 00:17:17 ] FlowCTRL [ DEBUG ] - 139921449041984 - bp_general.py - 13: write2file - 
[ 2022-12-20 00:17:17 ] FlowCTRL [ DEBUG ] - 139921449041984 - bp_general.py - 28: write2file - Wrote to file (.fc-state.tmp):

started,dump/test_procedure.json,Stage 1,Test procedure 1,2022-12-20 00:17:17.269366

[ 2022-12-20 00:17:17 ] FlowCTRL [ DEBUG ] - 139921449041984 - action_handler.py - 209: start - 
[ 2022-12-20 00:17:17 ] FlowCTRL [ DEBUG ] - 139921449041984 - abstract_handler.py - 29: fetch_instruction - 
[ 2022-12-20 00:17:17 ] FlowCTRL [ DEBUG ] - 139921449041984 - validator.py - 15: check_instruction - 
[ 2022-12-20 00:17:17 ] FlowCTRL [ DEBUG ] - 139921449041984 - bp_checkers.py - 20: check_file_exists - 
[ 2022-12-20 00:17:17 ] FlowCTRL [ DEBUG ] - 139921449041984 - action_handler.py - 169: action_handler - 
[ 2022-12-20 00:17:17 ] FlowCTRL [ INFO ] - 139921449041984 - bp_general.py - 72: stdout_msg - ...
[ INFO ]: Processing action (Test procedure 1) Should take around (5m)
[ 2022-12-20 00:17:17 ] FlowCTRL [ DEBUG ] - 139921449041984 - action_handler.py - 99: handle_setup_cmd - 
[ 2022-12-20 00:17:17 ] FlowCTRL [ INFO ] - 139921449041984 - bp_general.py - 72: stdout_msg - ...
[ EXEC ]: Action (Test procedure 1) setup... (echo 'Preparing to execute payload...')
[ 2022-12-20 00:17:17 ] FlowCTRL [ DEBUG ] - 139921449041984 - action_handler.py - 128: handle_shell_cmd - 
[ 2022-12-20 00:17:17 ] FlowCTRL [ DEBUG ] - 139921449041984 - action_handler.py - 30: convert_action_time_to_seconds - 
[ 2022-12-20 00:17:17 ] FlowCTRL [ DEBUG ] - 139921439999680 - action_handler.py - 50: detached_shell - 
[ 2022-12-20 00:17:17 ] FlowCTRL [ DEBUG ] - 139921449041984 - action_handler.py - 109: handle_shell_cmd_timeout - 
[ 2022-12-20 00:17:17 ] FlowCTRL [ DEBUG ] - 139921439999680 - bp_shell.py - 13: shell_cmd - 
[ 2022-12-20 00:17:17 ] FlowCTRL [ DEBUG ] - 139921439999680 - bp_shell.py - 14: shell_cmd - Issuing system command: (echo 'Preparing to execute payload...')
[ 2022-12-20 00:17:17 ] FlowCTRL [ DEBUG ] - 139921439999680 - bp_shell.py - 19: shell_cmd - Output: (b'Preparing to execute payload...\n'), Errors: (b'')
[ 2022-12-20 00:17:17 ] FlowCTRL [ INFO ] - 139921449041984 - bp_general.py - 46: stdout_msg - Command terminated Successfully! Exit Code (0)
[ 2022-12-20 00:17:17 ] FlowCTRL [ DEBUG ] - 139921449041984 - action_handler.py - 59: handle_cmd - 
[ 2022-12-20 00:17:17 ] FlowCTRL [ INFO ] - 139921449041984 - bp_general.py - 72: stdout_msg - [ EXEC ]: Action (Test procedure 1)... (ls -la && echo 'Hey, this worked!' || echo 'What? Why?!!'; sleep 10)
[ 2022-12-20 00:17:17 ] FlowCTRL [ DEBUG ] - 139921449041984 - action_handler.py - 128: handle_shell_cmd - 
[ 2022-12-20 00:17:17 ] FlowCTRL [ DEBUG ] - 139921449041984 - action_handler.py - 30: convert_action_time_to_seconds - 
[ 2022-12-20 00:17:17 ] FlowCTRL [ DEBUG ] - 139921439999680 - action_handler.py - 50: detached_shell - 
[ 2022-12-20 00:17:17 ] FlowCTRL [ DEBUG ] - 139921449041984 - action_handler.py - 109: handle_shell_cmd_timeout - 
[ 2022-12-20 00:17:17 ] FlowCTRL [ DEBUG ] - 139921439999680 - bp_shell.py - 13: shell_cmd - 
[ 2022-12-20 00:17:17 ] FlowCTRL [ DEBUG ] - 139921439999680 - bp_shell.py - 14: shell_cmd - Issuing system command: (ls -la && echo 'Hey, this worked!' || echo 'What? Why?!!'; sleep 10)
[ 2022-12-20 00:17:27 ] FlowCTRL [ DEBUG ] - 139921439999680 - bp_shell.py - 19: shell_cmd - Output: (b'total 92\ndrwxr-xr-x  8 smx093pk01 smx093pk01  4096 Dec 20 00:17 .\ndrwxr-xr-x 11 smx093pk01 smx093pk01  4096 Dec 18 14:55 ..\ndrwxr-xr-x  2 smx093pk01 smx093pk01  4096 Dec 13 18:19 conf\ndrwxr-xr-x  2 smx093pk01 smx093pk01  4096 Dec 13 18:19 dump\n-rw-r--r--  1 smx093pk01 smx093pk01     0 Dec 20 00:17 .fc-report.tmp\n-rw-r--r--  1 smx093pk01 smx093pk01    85 Dec 20 00:17 .fc-state.tmp\nlrwxrwxrwx  1 smx093pk01 smx093pk01    12 Dec 13 18:19 flow-init -> flow_init.py\n-rwxr-xr-x  1 smx093pk01 smx093pk01 11448 Dec 13 18:30 flow_init.py\ndrwxr-xr-x  8 smx093pk01 smx093pk01  4096 Dec 13 18:31 .git\n-rw-r--r--  1 smx093pk01 smx093pk01    28 Dec 13 18:19 __init__.py\n-rw-r--r--  1 smx093pk01 smx093pk01 35149 Dec 13 18:19 LICENSE\ndrwxr-xr-x  2 smx093pk01 smx093pk01  4096 Dec 13 18:19 log\n-rw-r--r--  1 smx093pk01 smx093pk01    54 Dec 13 18:19 README.md\ndrwxr-xr-x  4 smx093pk01 smx093pk01  4096 Dec 13 18:20 src\ndrwxr-xr-x  4 smx093pk01 smx093pk01  4096 Dec 13 18:19 test\nHey, this worked!\n'), Errors: (b'')
[ 2022-12-20 00:17:27 ] FlowCTRL [ INFO ] - 139921449041984 - bp_general.py - 46: stdout_msg - Command terminated Successfully! Exit Code (0)
[ 2022-12-20 00:17:27 ] FlowCTRL [ DEBUG ] - 139921449041984 - action_handler.py - 69: handle_on_ok_cmd - 
[ 2022-12-20 00:17:27 ] FlowCTRL [ INFO ] - 139921449041984 - bp_general.py - 72: stdout_msg - [ EXEC ]: Action (Test procedure 1) on OK... (echo 'Well, this went well.')
[ 2022-12-20 00:17:27 ] FlowCTRL [ DEBUG ] - 139921449041984 - action_handler.py - 128: handle_shell_cmd - 
[ 2022-12-20 00:17:27 ] FlowCTRL [ DEBUG ] - 139921449041984 - action_handler.py - 30: convert_action_time_to_seconds - 
[ 2022-12-20 00:17:27 ] FlowCTRL [ DEBUG ] - 139921439999680 - action_handler.py - 50: detached_shell - 
[ 2022-12-20 00:17:27 ] FlowCTRL [ DEBUG ] - 139921449041984 - action_handler.py - 109: handle_shell_cmd_timeout - 
[ 2022-12-20 00:17:27 ] FlowCTRL [ DEBUG ] - 139921439999680 - bp_shell.py - 13: shell_cmd - 
[ 2022-12-20 00:17:27 ] FlowCTRL [ DEBUG ] - 139921439999680 - bp_shell.py - 14: shell_cmd - Issuing system command: (echo 'Well, this went well.')
[ 2022-12-20 00:17:27 ] FlowCTRL [ DEBUG ] - 139921439999680 - bp_shell.py - 19: shell_cmd - Output: (b'Well, this went well.\n'), Errors: (b'')
[ 2022-12-20 00:17:27 ] FlowCTRL [ INFO ] - 139921449041984 - bp_general.py - 46: stdout_msg - Command terminated Successfully! Exit Code (0)
[ 2022-12-20 00:17:27 ] FlowCTRL [ DEBUG ] - 139921449041984 - abstract_handler.py - 42: fetch_state - 
[ 2022-12-20 00:17:27 ] FlowCTRL [ DEBUG ] - 139921449041984 - abstract_handler.py - 42: fetch_state - 
[ 2022-12-20 00:17:27 ] FlowCTRL [ DEBUG ] - 139921449041984 - abstract_handler.py - 34: set_instruction - 
[ 2022-12-20 00:17:27 ] FlowCTRL [ DEBUG ] - 139921449041984 - validator.py - 15: check_instruction - 
[ 2022-12-20 00:17:27 ] FlowCTRL [ DEBUG ] - 139921449041984 - abstract_handler.py - 55: update_state_record - 
[ 2022-12-20 00:17:27 ] FlowCTRL [ DEBUG ] - 139921449041984 - bp_checkers.py - 20: check_file_exists - 
[ 2022-12-20 00:17:27 ] FlowCTRL [ DEBUG ] - 139921449041984 - bp_general.py - 13: write2file - 
[ 2022-12-20 00:17:27 ] FlowCTRL [ DEBUG ] - 139921449041984 - bp_general.py - 28: write2file - Wrote to file (.fc-state.tmp):

started,dump/test_procedure.json,Stage 1,Test procedure 2,2022-12-20 00:17:27.488624

[ 2022-12-20 00:17:27 ] FlowCTRL [ DEBUG ] - 139921449041984 - action_handler.py - 209: start - 
[ 2022-12-20 00:17:27 ] FlowCTRL [ DEBUG ] - 139921449041984 - abstract_handler.py - 29: fetch_instruction - 
[ 2022-12-20 00:17:27 ] FlowCTRL [ DEBUG ] - 139921449041984 - validator.py - 15: check_instruction - 
[ 2022-12-20 00:17:27 ] FlowCTRL [ DEBUG ] - 139921449041984 - bp_checkers.py - 20: check_file_exists - 
[ 2022-12-20 00:17:27 ] FlowCTRL [ DEBUG ] - 139921449041984 - action_handler.py - 169: action_handler - 
[ 2022-12-20 00:17:27 ] FlowCTRL [ INFO ] - 139921449041984 - bp_general.py - 72: stdout_msg - ...
[ INFO ]: Processing action (Test procedure 2) Should take around (1m)
[ 2022-12-20 00:17:27 ] FlowCTRL [ DEBUG ] - 139921449041984 - action_handler.py - 99: handle_setup_cmd - 
[ 2022-12-20 00:17:27 ] FlowCTRL [ INFO ] - 139921449041984 - bp_general.py - 72: stdout_msg - ...
[ EXEC ]: Action (Test procedure 2) setup... (echo 'Preparing to execute payload...')
[ 2022-12-20 00:17:27 ] FlowCTRL [ DEBUG ] - 139921449041984 - action_handler.py - 128: handle_shell_cmd - 
[ 2022-12-20 00:17:27 ] FlowCTRL [ DEBUG ] - 139921449041984 - action_handler.py - 30: convert_action_time_to_seconds - 
[ 2022-12-20 00:17:27 ] FlowCTRL [ DEBUG ] - 139921439999680 - action_handler.py - 50: detached_shell - 
[ 2022-12-20 00:17:27 ] FlowCTRL [ DEBUG ] - 139921449041984 - action_handler.py - 109: handle_shell_cmd_timeout - 
[ 2022-12-20 00:17:27 ] FlowCTRL [ DEBUG ] - 139921439999680 - bp_shell.py - 13: shell_cmd - 
[ 2022-12-20 00:17:27 ] FlowCTRL [ DEBUG ] - 139921439999680 - bp_shell.py - 14: shell_cmd - Issuing system command: (echo 'Preparing to execute payload...')
[ 2022-12-20 00:17:27 ] FlowCTRL [ DEBUG ] - 139921439999680 - bp_shell.py - 19: shell_cmd - Output: (b'Preparing to execute payload...\n'), Errors: (b'')
[ 2022-12-20 00:17:27 ] FlowCTRL [ INFO ] - 139921449041984 - bp_general.py - 46: stdout_msg - Command terminated Successfully! Exit Code (0)
[ 2022-12-20 00:17:27 ] FlowCTRL [ DEBUG ] - 139921449041984 - action_handler.py - 59: handle_cmd - 
[ 2022-12-20 00:17:27 ] FlowCTRL [ INFO ] - 139921449041984 - bp_general.py - 72: stdout_msg - [ EXEC ]: Action (Test procedure 2)... (ls -la && echo 'Hey, this worked!' || echo 'What? Why?!!')
[ 2022-12-20 00:17:27 ] FlowCTRL [ DEBUG ] - 139921449041984 - action_handler.py - 128: handle_shell_cmd - 
[ 2022-12-20 00:17:27 ] FlowCTRL [ DEBUG ] - 139921449041984 - action_handler.py - 30: convert_action_time_to_seconds - 
[ 2022-12-20 00:17:27 ] FlowCTRL [ DEBUG ] - 139921439999680 - action_handler.py - 50: detached_shell - 
[ 2022-12-20 00:17:27 ] FlowCTRL [ DEBUG ] - 139921449041984 - action_handler.py - 109: handle_shell_cmd_timeout - 
[ 2022-12-20 00:17:27 ] FlowCTRL [ DEBUG ] - 139921439999680 - bp_shell.py - 13: shell_cmd - 
[ 2022-12-20 00:17:27 ] FlowCTRL [ DEBUG ] - 139921439999680 - bp_shell.py - 14: shell_cmd - Issuing system command: (ls -la && echo 'Hey, this worked!' || echo 'What? Why?!!')
[ 2022-12-20 00:17:27 ] FlowCTRL [ DEBUG ] - 139921439999680 - bp_shell.py - 19: shell_cmd - Output: (b'total 92\ndrwxr-xr-x  8 smx093pk01 smx093pk01  4096 Dec 20 00:17 .\ndrwxr-xr-x 11 smx093pk01 smx093pk01  4096 Dec 18 14:55 ..\ndrwxr-xr-x  2 smx093pk01 smx093pk01  4096 Dec 13 18:19 conf\ndrwxr-xr-x  2 smx093pk01 smx093pk01  4096 Dec 13 18:19 dump\n-rw-r--r--  1 smx093pk01 smx093pk01     0 Dec 20 00:17 .fc-report.tmp\n-rw-r--r--  1 smx093pk01 smx093pk01    85 Dec 20 00:17 .fc-state.tmp\nlrwxrwxrwx  1 smx093pk01 smx093pk01    12 Dec 13 18:19 flow-init -> flow_init.py\n-rwxr-xr-x  1 smx093pk01 smx093pk01 11448 Dec 13 18:30 flow_init.py\ndrwxr-xr-x  8 smx093pk01 smx093pk01  4096 Dec 13 18:31 .git\n-rw-r--r--  1 smx093pk01 smx093pk01    28 Dec 13 18:19 __init__.py\n-rw-r--r--  1 smx093pk01 smx093pk01 35149 Dec 13 18:19 LICENSE\ndrwxr-xr-x  2 smx093pk01 smx093pk01  4096 Dec 13 18:19 log\n-rw-r--r--  1 smx093pk01 smx093pk01    54 Dec 13 18:19 README.md\ndrwxr-xr-x  4 smx093pk01 smx093pk01  4096 Dec 13 18:20 src\ndrwxr-xr-x  4 smx093pk01 smx093pk01  4096 Dec 13 18:19 test\nHey, this worked!\n'), Errors: (b'')
[ 2022-12-20 00:17:27 ] FlowCTRL [ INFO ] - 139921449041984 - bp_general.py - 46: stdout_msg - Command terminated Successfully! Exit Code (0)
[ 2022-12-20 00:17:27 ] FlowCTRL [ DEBUG ] - 139921449041984 - abstract_handler.py - 42: fetch_state - 
[ 2022-12-20 00:17:27 ] FlowCTRL [ DEBUG ] - 139921449041984 - abstract_handler.py - 42: fetch_state - 
[ 2022-12-20 00:17:27 ] FlowCTRL [ DEBUG ] - 139921449041984 - abstract_handler.py - 42: fetch_state - 
[ 2022-12-20 00:17:27 ] FlowCTRL [ DEBUG ] - 139921449041984 - abstract_handler.py - 42: fetch_state - 
[ 2022-12-20 00:17:27 ] FlowCTRL [ INFO ] - 139921449041984 - bp_general.py - 65: stdout_msg - Procedure Stage! (Stage 1)
...
[ 2022-12-20 00:17:27 ] FlowCTRL [ DEBUG ] - 139921449041984 - abstract_handler.py - 34: set_instruction - 
[ 2022-12-20 00:17:27 ] FlowCTRL [ DEBUG ] - 139921449041984 - validator.py - 15: check_instruction - 
[ 2022-12-20 00:17:27 ] FlowCTRL [ DEBUG ] - 139921449041984 - abstract_handler.py - 55: update_state_record - 
[ 2022-12-20 00:17:27 ] FlowCTRL [ DEBUG ] - 139921449041984 - bp_checkers.py - 20: check_file_exists - 
[ 2022-12-20 00:17:27 ] FlowCTRL [ DEBUG ] - 139921449041984 - bp_general.py - 13: write2file - 
[ 2022-12-20 00:17:27 ] FlowCTRL [ DEBUG ] - 139921449041984 - bp_general.py - 28: write2file - Wrote to file (.fc-state.tmp):

started,dump/test_procedure.json,Stage 2,Test procedure 2,2022-12-20 00:17:27.655743

[ 2022-12-20 00:17:27 ] FlowCTRL [ DEBUG ] - 139921449041984 - stage_handler.py - 75: start - 
[ 2022-12-20 00:17:27 ] FlowCTRL [ DEBUG ] - 139921449041984 - abstract_handler.py - 29: fetch_instruction - 
[ 2022-12-20 00:17:27 ] FlowCTRL [ DEBUG ] - 139921449041984 - validator.py - 15: check_instruction - 
[ 2022-12-20 00:17:27 ] FlowCTRL [ INFO ] - 139921449041984 - bp_general.py - 54: stdout_msg - Processing procedure stage... (Stage 2)
[ 2022-12-20 00:17:27 ] FlowCTRL [ DEBUG ] - 139921449041984 - stage_handler.py - 35: process_stage_actions - 
[ 2022-12-20 00:17:27 ] FlowCTRL [ DEBUG ] - 139921449041984 - abstract_handler.py - 34: set_instruction - 
[ 2022-12-20 00:17:27 ] FlowCTRL [ DEBUG ] - 139921449041984 - validator.py - 15: check_instruction - 
[ 2022-12-20 00:17:27 ] FlowCTRL [ DEBUG ] - 139921449041984 - abstract_handler.py - 55: update_state_record - 
[ 2022-12-20 00:17:27 ] FlowCTRL [ DEBUG ] - 139921449041984 - bp_checkers.py - 20: check_file_exists - 
[ 2022-12-20 00:17:27 ] FlowCTRL [ DEBUG ] - 139921449041984 - bp_general.py - 13: write2file - 
[ 2022-12-20 00:17:27 ] FlowCTRL [ DEBUG ] - 139921449041984 - bp_general.py - 28: write2file - Wrote to file (.fc-state.tmp):

started,dump/test_procedure.json,Stage 2,Test procedure 3,2022-12-20 00:17:27.656986

[ 2022-12-20 00:17:27 ] FlowCTRL [ DEBUG ] - 139921449041984 - action_handler.py - 209: start - 
[ 2022-12-20 00:17:27 ] FlowCTRL [ DEBUG ] - 139921449041984 - abstract_handler.py - 29: fetch_instruction - 
[ 2022-12-20 00:17:27 ] FlowCTRL [ DEBUG ] - 139921449041984 - validator.py - 15: check_instruction - 
[ 2022-12-20 00:17:27 ] FlowCTRL [ DEBUG ] - 139921449041984 - bp_checkers.py - 20: check_file_exists - 
[ 2022-12-20 00:17:27 ] FlowCTRL [ DEBUG ] - 139921449041984 - action_handler.py - 169: action_handler - 
[ 2022-12-20 00:17:27 ] FlowCTRL [ INFO ] - 139921449041984 - bp_general.py - 72: stdout_msg - ...
[ INFO ]: Processing action (Test procedure 3) Should take around (5m)
[ 2022-12-20 00:17:27 ] FlowCTRL [ DEBUG ] - 139921449041984 - action_handler.py - 99: handle_setup_cmd - 
[ 2022-12-20 00:17:27 ] FlowCTRL [ INFO ] - 139921449041984 - bp_general.py - 72: stdout_msg - ...
[ EXEC ]: Action (Test procedure 3) setup... (echo 'Preparing to execute payload...')
[ 2022-12-20 00:17:27 ] FlowCTRL [ DEBUG ] - 139921449041984 - action_handler.py - 128: handle_shell_cmd - 
[ 2022-12-20 00:17:27 ] FlowCTRL [ DEBUG ] - 139921449041984 - action_handler.py - 30: convert_action_time_to_seconds - 
[ 2022-12-20 00:17:27 ] FlowCTRL [ DEBUG ] - 139921439999680 - action_handler.py - 50: detached_shell - 
[ 2022-12-20 00:17:27 ] FlowCTRL [ DEBUG ] - 139921449041984 - action_handler.py - 109: handle_shell_cmd_timeout - 
[ 2022-12-20 00:17:27 ] FlowCTRL [ DEBUG ] - 139921439999680 - bp_shell.py - 13: shell_cmd - 
[ 2022-12-20 00:17:27 ] FlowCTRL [ DEBUG ] - 139921439999680 - bp_shell.py - 14: shell_cmd - Issuing system command: (echo 'Preparing to execute payload...')
[ 2022-12-20 00:17:27 ] FlowCTRL [ DEBUG ] - 139921439999680 - bp_shell.py - 19: shell_cmd - Output: (b'Preparing to execute payload...\n'), Errors: (b'')
[ 2022-12-20 00:17:27 ] FlowCTRL [ INFO ] - 139921449041984 - bp_general.py - 46: stdout_msg - Command terminated Successfully! Exit Code (0)
[ 2022-12-20 00:17:27 ] FlowCTRL [ DEBUG ] - 139921449041984 - action_handler.py - 59: handle_cmd - 
[ 2022-12-20 00:17:27 ] FlowCTRL [ INFO ] - 139921449041984 - bp_general.py - 72: stdout_msg - [ EXEC ]: Action (Test procedure 3)... (ls -la && echo 'Hey, this worked!' || echo 'What? Why?!!')
[ 2022-12-20 00:17:27 ] FlowCTRL [ DEBUG ] - 139921449041984 - action_handler.py - 128: handle_shell_cmd - 
[ 2022-12-20 00:17:27 ] FlowCTRL [ DEBUG ] - 139921449041984 - action_handler.py - 30: convert_action_time_to_seconds - 
[ 2022-12-20 00:17:27 ] FlowCTRL [ DEBUG ] - 139921439999680 - action_handler.py - 50: detached_shell - 
[ 2022-12-20 00:17:27 ] FlowCTRL [ DEBUG ] - 139921449041984 - action_handler.py - 109: handle_shell_cmd_timeout - 
[ 2022-12-20 00:17:27 ] FlowCTRL [ DEBUG ] - 139921439999680 - bp_shell.py - 13: shell_cmd - 
[ 2022-12-20 00:17:27 ] FlowCTRL [ DEBUG ] - 139921439999680 - bp_shell.py - 14: shell_cmd - Issuing system command: (ls -la && echo 'Hey, this worked!' || echo 'What? Why?!!')
[ 2022-12-20 00:17:27 ] FlowCTRL [ DEBUG ] - 139921439999680 - bp_shell.py - 19: shell_cmd - Output: (b'total 92\ndrwxr-xr-x  8 smx093pk01 smx093pk01  4096 Dec 20 00:17 .\ndrwxr-xr-x 11 smx093pk01 smx093pk01  4096 Dec 18 14:55 ..\ndrwxr-xr-x  2 smx093pk01 smx093pk01  4096 Dec 13 18:19 conf\ndrwxr-xr-x  2 smx093pk01 smx093pk01  4096 Dec 13 18:19 dump\n-rw-r--r--  1 smx093pk01 smx093pk01     0 Dec 20 00:17 .fc-report.tmp\n-rw-r--r--  1 smx093pk01 smx093pk01    85 Dec 20 00:17 .fc-state.tmp\nlrwxrwxrwx  1 smx093pk01 smx093pk01    12 Dec 13 18:19 flow-init -> flow_init.py\n-rwxr-xr-x  1 smx093pk01 smx093pk01 11448 Dec 13 18:30 flow_init.py\ndrwxr-xr-x  8 smx093pk01 smx093pk01  4096 Dec 13 18:31 .git\n-rw-r--r--  1 smx093pk01 smx093pk01    28 Dec 13 18:19 __init__.py\n-rw-r--r--  1 smx093pk01 smx093pk01 35149 Dec 13 18:19 LICENSE\ndrwxr-xr-x  2 smx093pk01 smx093pk01  4096 Dec 13 18:19 log\n-rw-r--r--  1 smx093pk01 smx093pk01    54 Dec 13 18:19 README.md\ndrwxr-xr-x  4 smx093pk01 smx093pk01  4096 Dec 13 18:20 src\ndrwxr-xr-x  4 smx093pk01 smx093pk01  4096 Dec 13 18:19 test\nHey, this worked!\n'), Errors: (b'')
[ 2022-12-20 00:17:27 ] FlowCTRL [ INFO ] - 139921449041984 - bp_general.py - 46: stdout_msg - Command terminated Successfully! Exit Code (0)
[ 2022-12-20 00:17:27 ] FlowCTRL [ DEBUG ] - 139921449041984 - action_handler.py - 69: handle_on_ok_cmd - 
[ 2022-12-20 00:17:27 ] FlowCTRL [ INFO ] - 139921449041984 - bp_general.py - 72: stdout_msg - [ EXEC ]: Action (Test procedure 3) on OK... (echo 'Well, this went well.')
[ 2022-12-20 00:17:27 ] FlowCTRL [ DEBUG ] - 139921449041984 - action_handler.py - 128: handle_shell_cmd - 
[ 2022-12-20 00:17:27 ] FlowCTRL [ DEBUG ] - 139921449041984 - action_handler.py - 30: convert_action_time_to_seconds - 
[ 2022-12-20 00:17:27 ] FlowCTRL [ DEBUG ] - 139921439999680 - action_handler.py - 50: detached_shell - 
[ 2022-12-20 00:17:27 ] FlowCTRL [ DEBUG ] - 139921449041984 - action_handler.py - 109: handle_shell_cmd_timeout - 
[ 2022-12-20 00:17:27 ] FlowCTRL [ DEBUG ] - 139921439999680 - bp_shell.py - 13: shell_cmd - 
[ 2022-12-20 00:17:27 ] FlowCTRL [ DEBUG ] - 139921439999680 - bp_shell.py - 14: shell_cmd - Issuing system command: (echo 'Well, this went well.')
[ 2022-12-20 00:17:27 ] FlowCTRL [ DEBUG ] - 139921439999680 - bp_shell.py - 19: shell_cmd - Output: (b'Well, this went well.\n'), Errors: (b'')
[ 2022-12-20 00:17:27 ] FlowCTRL [ INFO ] - 139921449041984 - bp_general.py - 46: stdout_msg - Command terminated Successfully! Exit Code (0)
[ 2022-12-20 00:17:27 ] FlowCTRL [ DEBUG ] - 139921449041984 - abstract_handler.py - 42: fetch_state - 
[ 2022-12-20 00:17:27 ] FlowCTRL [ DEBUG ] - 139921449041984 - abstract_handler.py - 42: fetch_state - 
[ 2022-12-20 00:17:27 ] FlowCTRL [ DEBUG ] - 139921449041984 - abstract_handler.py - 34: set_instruction - 
[ 2022-12-20 00:17:27 ] FlowCTRL [ DEBUG ] - 139921449041984 - validator.py - 15: check_instruction - 
[ 2022-12-20 00:17:27 ] FlowCTRL [ DEBUG ] - 139921449041984 - abstract_handler.py - 55: update_state_record - 
[ 2022-12-20 00:17:27 ] FlowCTRL [ DEBUG ] - 139921449041984 - bp_checkers.py - 20: check_file_exists - 
[ 2022-12-20 00:17:27 ] FlowCTRL [ DEBUG ] - 139921449041984 - bp_general.py - 13: write2file - 
[ 2022-12-20 00:17:27 ] FlowCTRL [ DEBUG ] - 139921449041984 - bp_general.py - 28: write2file - Wrote to file (.fc-state.tmp):

started,dump/test_procedure.json,Stage 2,Test procedure 4,2022-12-20 00:17:27.851898

[ 2022-12-20 00:17:27 ] FlowCTRL [ DEBUG ] - 139921449041984 - action_handler.py - 209: start - 
[ 2022-12-20 00:17:27 ] FlowCTRL [ DEBUG ] - 139921449041984 - abstract_handler.py - 29: fetch_instruction - 
[ 2022-12-20 00:17:27 ] FlowCTRL [ DEBUG ] - 139921449041984 - validator.py - 15: check_instruction - 
[ 2022-12-20 00:17:27 ] FlowCTRL [ DEBUG ] - 139921449041984 - bp_checkers.py - 20: check_file_exists - 
[ 2022-12-20 00:17:27 ] FlowCTRL [ DEBUG ] - 139921449041984 - action_handler.py - 169: action_handler - 
[ 2022-12-20 00:17:27 ] FlowCTRL [ INFO ] - 139921449041984 - bp_general.py - 72: stdout_msg - ...
[ INFO ]: Processing action (Test procedure 4) Should take around (1m)
[ 2022-12-20 00:17:27 ] FlowCTRL [ DEBUG ] - 139921449041984 - action_handler.py - 59: handle_cmd - 
[ 2022-12-20 00:17:27 ] FlowCTRL [ INFO ] - 139921449041984 - bp_general.py - 72: stdout_msg - [ EXEC ]: Action (Test procedure 4)... (ls -la && echo 'Hey, this worked!' || echo 'What? Why?!!')
[ 2022-12-20 00:17:27 ] FlowCTRL [ DEBUG ] - 139921449041984 - action_handler.py - 128: handle_shell_cmd - 
[ 2022-12-20 00:17:27 ] FlowCTRL [ DEBUG ] - 139921449041984 - action_handler.py - 30: convert_action_time_to_seconds - 
[ 2022-12-20 00:17:27 ] FlowCTRL [ DEBUG ] - 139921439999680 - action_handler.py - 50: detached_shell - 
[ 2022-12-20 00:17:27 ] FlowCTRL [ DEBUG ] - 139921449041984 - action_handler.py - 109: handle_shell_cmd_timeout - 
[ 2022-12-20 00:17:27 ] FlowCTRL [ DEBUG ] - 139921439999680 - bp_shell.py - 13: shell_cmd - 
[ 2022-12-20 00:17:27 ] FlowCTRL [ DEBUG ] - 139921439999680 - bp_shell.py - 14: shell_cmd - Issuing system command: (ls -la && echo 'Hey, this worked!' || echo 'What? Why?!!')
[ 2022-12-20 00:17:27 ] FlowCTRL [ DEBUG ] - 139921439999680 - bp_shell.py - 19: shell_cmd - Output: (b'total 92\ndrwxr-xr-x  8 smx093pk01 smx093pk01  4096 Dec 20 00:17 .\ndrwxr-xr-x 11 smx093pk01 smx093pk01  4096 Dec 18 14:55 ..\ndrwxr-xr-x  2 smx093pk01 smx093pk01  4096 Dec 13 18:19 conf\ndrwxr-xr-x  2 smx093pk01 smx093pk01  4096 Dec 13 18:19 dump\n-rw-r--r--  1 smx093pk01 smx093pk01     0 Dec 20 00:17 .fc-report.tmp\n-rw-r--r--  1 smx093pk01 smx093pk01    85 Dec 20 00:17 .fc-state.tmp\nlrwxrwxrwx  1 smx093pk01 smx093pk01    12 Dec 13 18:19 flow-init -> flow_init.py\n-rwxr-xr-x  1 smx093pk01 smx093pk01 11448 Dec 13 18:30 flow_init.py\ndrwxr-xr-x  8 smx093pk01 smx093pk01  4096 Dec 13 18:31 .git\n-rw-r--r--  1 smx093pk01 smx093pk01    28 Dec 13 18:19 __init__.py\n-rw-r--r--  1 smx093pk01 smx093pk01 35149 Dec 13 18:19 LICENSE\ndrwxr-xr-x  2 smx093pk01 smx093pk01  4096 Dec 13 18:19 log\n-rw-r--r--  1 smx093pk01 smx093pk01    54 Dec 13 18:19 README.md\ndrwxr-xr-x  4 smx093pk01 smx093pk01  4096 Dec 13 18:20 src\ndrwxr-xr-x  4 smx093pk01 smx093pk01  4096 Dec 13 18:19 test\nHey, this worked!\n'), Errors: (b'')
[ 2022-12-20 00:17:27 ] FlowCTRL [ INFO ] - 139921449041984 - bp_general.py - 46: stdout_msg - Command terminated Successfully! Exit Code (0)
[ 2022-12-20 00:17:27 ] FlowCTRL [ DEBUG ] - 139921449041984 - action_handler.py - 69: handle_on_ok_cmd - 
[ 2022-12-20 00:17:27 ] FlowCTRL [ INFO ] - 139921449041984 - bp_general.py - 72: stdout_msg - [ EXEC ]: Action (Test procedure 4) on OK... (echo 'Well, this went well.')
[ 2022-12-20 00:17:27 ] FlowCTRL [ DEBUG ] - 139921449041984 - action_handler.py - 128: handle_shell_cmd - 
[ 2022-12-20 00:17:27 ] FlowCTRL [ DEBUG ] - 139921449041984 - action_handler.py - 30: convert_action_time_to_seconds - 
[ 2022-12-20 00:17:27 ] FlowCTRL [ DEBUG ] - 139921439999680 - action_handler.py - 50: detached_shell - 
[ 2022-12-20 00:17:27 ] FlowCTRL [ DEBUG ] - 139921449041984 - action_handler.py - 109: handle_shell_cmd_timeout - 
[ 2022-12-20 00:17:27 ] FlowCTRL [ DEBUG ] - 139921439999680 - bp_shell.py - 13: shell_cmd - 
[ 2022-12-20 00:17:27 ] FlowCTRL [ DEBUG ] - 139921439999680 - bp_shell.py - 14: shell_cmd - Issuing system command: (echo 'Well, this went well.')
[ 2022-12-20 00:17:28 ] FlowCTRL [ DEBUG ] - 139921439999680 - bp_shell.py - 19: shell_cmd - Output: (b'Well, this went well.\n'), Errors: (b'')
[ 2022-12-20 00:17:28 ] FlowCTRL [ INFO ] - 139921449041984 - bp_general.py - 46: stdout_msg - Command terminated Successfully! Exit Code (0)
[ 2022-12-20 00:17:28 ] FlowCTRL [ DEBUG ] - 139921449041984 - abstract_handler.py - 42: fetch_state - 
[ 2022-12-20 00:17:28 ] FlowCTRL [ DEBUG ] - 139921449041984 - abstract_handler.py - 42: fetch_state - 
[ 2022-12-20 00:17:28 ] FlowCTRL [ DEBUG ] - 139921449041984 - abstract_handler.py - 42: fetch_state - 
[ 2022-12-20 00:17:28 ] FlowCTRL [ DEBUG ] - 139921449041984 - abstract_handler.py - 42: fetch_state - 
[ 2022-12-20 00:17:28 ] FlowCTRL [ INFO ] - 139921449041984 - bp_general.py - 65: stdout_msg - Procedure Stage! (Stage 2)
...
[ 2022-12-20 00:17:28 ] FlowCTRL [ INFO ] - 139921449041984 - bp_general.py - 46: stdout_msg - Sketch complete! (dump/test_procedure.json)
[ 2022-12-20 00:17:28 ] FlowCTRL [ DEBUG ] - 139921449041984 - procedure_handler.py - 191: purge - 
[ 2022-12-20 00:17:28 ] FlowCTRL [ DEBUG ] - 139921449041984 - bp_shell.py - 13: shell_cmd - 
[ 2022-12-20 00:17:28 ] FlowCTRL [ DEBUG ] - 139921449041984 - bp_shell.py - 14: shell_cmd - Issuing system command: (rm .fc-state.tmp .fc-report.tmp)
[ 2022-12-20 00:17:28 ] FlowCTRL [ DEBUG ] - 139921449041984 - bp_shell.py - 19: shell_cmd - Output: (b''), Errors: (b'')
[ 2022-12-20 00:17:28 ] FlowCTRL [ INFO ] - 139921449041984 - bp_general.py - 46: stdout_msg - Purged all handler files!
[ 2022-12-20 00:17:28 ] FlowCTRL [ INFO ] - 139921449041984 - bp_general.py - 65: stdout_msg - Action start.
...
[ 2022-12-20 00:17:28 ] FlowCTRL [ INFO ] - 139921449041984 - bp_general.py - 46: stdout_msg - Action executed successfully! (start)
[ 2022-12-21 20:03:27 ] FlowCTRL [ DEBUG ] - 140639378395200 - flow-init - 346: init_flowctrl - 
[ 2022-12-21 20:03:27 ] FlowCTRL [ DEBUG ] - 140639378395200 - bp_general.py - 33: clear_screen - 
[ 2022-12-21 20:03:27 ] FlowCTRL [ DEBUG ] - 140639378395200 - flow-init - 306: action_handler - 
[ 2022-12-21 20:03:27 ] FlowCTRL [ DEBUG ] - 140639378395200 - procedure_handler.py - 212: setup - 
[ 2022-12-21 20:03:27 ] FlowCTRL [ DEBUG ] - 140639378395200 - bp_shell.py - 13: shell_cmd - 
[ 2022-12-21 20:03:27 ] FlowCTRL [ DEBUG ] - 140639378395200 - bp_shell.py - 14: shell_cmd - Issuing system command: (touch .fc-state.tmp .fc-report.tmp &> /dev/null)
[ 2022-12-21 20:03:27 ] FlowCTRL [ DEBUG ] - 140639378395200 - bp_shell.py - 19: shell_cmd - Output: (b''), Errors: (b'')
[ 2022-12-21 20:03:27 ] FlowCTRL [ INFO ] - 140639378395200 - bp_general.py - 54: stdout_msg - Processing action... (start)
[ 2022-12-21 20:03:27 ] FlowCTRL [ DEBUG ] - 140639378395200 - flow-init - 103: action_start - 
[ 2022-12-21 20:03:27 ] FlowCTRL [ INFO ] - 140639378395200 - bp_general.py - 72: stdout_msg - ...
[ INFO ]: Action start...
[ 2022-12-21 20:03:27 ] FlowCTRL [ DEBUG ] - 140639378395200 - flow-init - 114: process_procedure_sketch_files - 
[ 2022-12-21 20:03:27 ] FlowCTRL [ DEBUG ] - 140639378395200 - abstract_handler.py - 80: load - 
[ 2022-12-21 20:03:27 ] FlowCTRL [ DEBUG ] - 140639378395200 - bp_convertors.py - 16: json2dict - Converted JSON: ({'Stage 1': [{'name': 'Test procedure 1', 'time': '5m', 'cmd': "ls -la && echo 'Hey, this worked!' || echo 'What? Why?!!'; sleep 10", 'setup-cmd': "echo 'Preparing to execute payload...'", 'teardown-cmd': "echo 'Payload executed!'", 'on-ok-cmd': "echo 'Well, this went well.'", 'on-nok-cmd': "echo 'This did not go well man! Fix this shit'", 'fatal-nok': False, 'timeout': '10m'}, {'name': 'Test procedure 2', 'time': '1m', 'cmd': "ls -la && echo 'Hey, this worked!' || echo 'What? Why?!!'", 'setup-cmd': "echo 'Preparing to execute payload...'", 'teardown-cmd': "echo 'Payload executed!'", 'on-ok-cmd': '', 'on-nok-cmd': "echo 'This did not go well man! Fix this shit'", 'fatal-nok': False, 'timeout': '3m'}], 'Stage 2': [{'name': 'Test procedure 3', 'time': '5m', 'cmd': "ls -la && echo 'Hey, this worked!' || echo 'What? Why?!!'", 'setup-cmd': "echo 'Preparing to execute payload...'", 'teardown-cmd': "echo 'Payload executed!'", 'on-ok-cmd': "echo 'Well, this went well.'", 'on-nok-cmd': '', 'fatal-nok': False, 'timeout': '10m'}, {'name': 'Test procedure 4', 'time': '1m', 'cmd': "ls -la && echo 'Hey, this worked!' || echo 'What? Why?!!'", 'setup-cmd': '', 'teardown-cmd': "echo 'Payload executed!'", 'on-ok-cmd': "echo 'Well, this went well.'", 'on-nok-cmd': "echo 'This did not go well man! Fix this shit'", 'fatal-nok': False, 'timeout': '3m'}]})
[ 2022-12-21 20:03:27 ] FlowCTRL [ DEBUG ] - 140639378395200 - abstract_handler.py - 55: update_state_record - 
[ 2022-12-21 20:03:27 ] FlowCTRL [ DEBUG ] - 140639378395200 - bp_checkers.py - 20: check_file_exists - 
[ 2022-12-21 20:03:27 ] FlowCTRL [ DEBUG ] - 140639378395200 - bp_general.py - 13: write2file - 
[ 2022-12-21 20:03:27 ] FlowCTRL [ DEBUG ] - 140639378395200 - bp_general.py - 28: write2file - Wrote to file (.fc-state.tmp):

,dump/test_procedure.json,,,2022-12-21 20:03:27.038261

[ 2022-12-21 20:03:27 ] FlowCTRL [ DEBUG ] - 140639378395200 - bp_convertors.py - 16: json2dict - Converted JSON: ({'Stage 1': [{'name': 'Test procedure 1', 'time': '5m', 'cmd': "ls -la && echo 'Hey, this worked!' || echo 'What? Why?!!'; sleep 10", 'setup-cmd': "echo 'Preparing to execute payload...'", 'teardown-cmd': "echo 'Payload executed!'", 'on-ok-cmd': "echo 'Well, this went well.'", 'on-nok-cmd': "echo 'This did not go well man! Fix this shit'", 'fatal-nok': False, 'timeout': '10m'}, {'name': 'Test procedure 2', 'time': '1m', 'cmd': "ls -la && echo 'Hey, this worked!' || echo 'What? Why?!!'", 'setup-cmd': "echo 'Preparing to execute payload...'", 'teardown-cmd': "echo 'Payload executed!'", 'on-ok-cmd': '', 'on-nok-cmd': "echo 'This did not go well man! Fix this shit'", 'fatal-nok': False, 'timeout': '3m'}], 'Stage 2': [{'name': 'Test procedure 3', 'time': '5m', 'cmd': "ls -la && echo 'Hey, this worked!' || echo 'What? Why?!!'", 'setup-cmd': "echo 'Preparing to execute payload...'", 'teardown-cmd': "echo 'Payload executed!'", 'on-ok-cmd': "echo 'Well, this went well.'", 'on-nok-cmd': '', 'fatal-nok': False, 'timeout': '10m'}, {'name': 'Test procedure 4', 'time': '1m', 'cmd': "ls -la && echo 'Hey, this worked!' || echo 'What? Why?!!'", 'setup-cmd': '', 'teardown-cmd': "echo 'Payload executed!'", 'on-ok-cmd': "echo 'Well, this went well.'", 'on-nok-cmd': "echo 'This did not go well man! Fix this shit'", 'fatal-nok': False, 'timeout': '3m'}]})
[ 2022-12-21 20:03:27 ] FlowCTRL [ DEBUG ] - 140639378395200 - abstract_handler.py - 34: set_instruction - 
[ 2022-12-21 20:03:27 ] FlowCTRL [ DEBUG ] - 140639378395200 - validator.py - 15: check_instruction - 
[ 2022-12-21 20:03:27 ] FlowCTRL [ DEBUG ] - 140639378395200 - procedure_handler.py - 176: start - 
[ 2022-12-21 20:03:27 ] FlowCTRL [ DEBUG ] - 140639378395200 - abstract_handler.py - 42: fetch_state - 
[ 2022-12-21 20:03:27 ] FlowCTRL [ DEBUG ] - 140639378395200 - abstract_handler.py - 42: fetch_state - 
[ 2022-12-21 20:03:27 ] FlowCTRL [ DEBUG ] - 140639378395200 - validator.py - 33: check_state - 
[ 2022-12-21 20:03:27 ] FlowCTRL [ DEBUG ] - 140639378395200 - validator.py - 49: validate_state_action_start - 
[ 2022-12-21 20:03:27 ] FlowCTRL [ DEBUG ] - 140639378395200 - abstract_handler.py - 71: set_state - 
[ 2022-12-21 20:03:27 ] FlowCTRL [ DEBUG ] - 140639378395200 - abstract_handler.py - 55: update_state_record - 
[ 2022-12-21 20:03:27 ] FlowCTRL [ DEBUG ] - 140639378395200 - bp_checkers.py - 20: check_file_exists - 
[ 2022-12-21 20:03:27 ] FlowCTRL [ DEBUG ] - 140639378395200 - bp_general.py - 13: write2file - 
[ 2022-12-21 20:03:27 ] FlowCTRL [ DEBUG ] - 140639378395200 - bp_general.py - 28: write2file - Wrote to file (.fc-state.tmp):

started,dump/test_procedure.json,,,2022-12-21 20:03:27.040949

[ 2022-12-21 20:03:27 ] FlowCTRL [ DEBUG ] - 140639378395200 - procedure_handler.py - 36: fetch_instruction - 
[ 2022-12-21 20:03:27 ] FlowCTRL [ DEBUG ] - 140639378395200 - procedure_handler.py - 43: process_sketch_stages - 
[ 2022-12-21 20:03:27 ] FlowCTRL [ DEBUG ] - 140639378395200 - abstract_handler.py - 34: set_instruction - 
[ 2022-12-21 20:03:27 ] FlowCTRL [ DEBUG ] - 140639378395200 - validator.py - 15: check_instruction - 
[ 2022-12-21 20:03:27 ] FlowCTRL [ DEBUG ] - 140639378395200 - abstract_handler.py - 55: update_state_record - 
[ 2022-12-21 20:03:27 ] FlowCTRL [ DEBUG ] - 140639378395200 - bp_checkers.py - 20: check_file_exists - 
[ 2022-12-21 20:03:27 ] FlowCTRL [ DEBUG ] - 140639378395200 - bp_general.py - 13: write2file - 
[ 2022-12-21 20:03:27 ] FlowCTRL [ DEBUG ] - 140639378395200 - bp_general.py - 28: write2file - Wrote to file (.fc-state.tmp):

started,dump/test_procedure.json,Stage 1,,2022-12-21 20:03:27.042279

[ 2022-12-21 20:03:27 ] FlowCTRL [ DEBUG ] - 140639378395200 - stage_handler.py - 75: start - 
[ 2022-12-21 20:03:27 ] FlowCTRL [ DEBUG ] - 140639378395200 - abstract_handler.py - 29: fetch_instruction - 
[ 2022-12-21 20:03:27 ] FlowCTRL [ DEBUG ] - 140639378395200 - validator.py - 15: check_instruction - 
[ 2022-12-21 20:03:27 ] FlowCTRL [ INFO ] - 140639378395200 - bp_general.py - 54: stdout_msg - Processing procedure stage... (Stage 1)
[ 2022-12-21 20:03:27 ] FlowCTRL [ DEBUG ] - 140639378395200 - stage_handler.py - 35: process_stage_actions - 
[ 2022-12-21 20:03:27 ] FlowCTRL [ DEBUG ] - 140639378395200 - abstract_handler.py - 34: set_instruction - 
[ 2022-12-21 20:03:27 ] FlowCTRL [ DEBUG ] - 140639378395200 - validator.py - 15: check_instruction - 
[ 2022-12-21 20:03:27 ] FlowCTRL [ DEBUG ] - 140639378395200 - abstract_handler.py - 55: update_state_record - 
[ 2022-12-21 20:03:27 ] FlowCTRL [ DEBUG ] - 140639378395200 - bp_checkers.py - 20: check_file_exists - 
[ 2022-12-21 20:03:27 ] FlowCTRL [ DEBUG ] - 140639378395200 - bp_general.py - 13: write2file - 
[ 2022-12-21 20:03:27 ] FlowCTRL [ DEBUG ] - 140639378395200 - bp_general.py - 28: write2file - Wrote to file (.fc-state.tmp):

started,dump/test_procedure.json,Stage 1,Test procedure 1,2022-12-21 20:03:27.044326

[ 2022-12-21 20:03:27 ] FlowCTRL [ DEBUG ] - 140639378395200 - action_handler.py - 209: start - 
[ 2022-12-21 20:03:27 ] FlowCTRL [ DEBUG ] - 140639378395200 - abstract_handler.py - 29: fetch_instruction - 
[ 2022-12-21 20:03:27 ] FlowCTRL [ DEBUG ] - 140639378395200 - validator.py - 15: check_instruction - 
[ 2022-12-21 20:03:27 ] FlowCTRL [ DEBUG ] - 140639378395200 - bp_checkers.py - 20: check_file_exists - 
[ 2022-12-21 20:03:27 ] FlowCTRL [ DEBUG ] - 140639378395200 - action_handler.py - 169: action_handler - 
[ 2022-12-21 20:03:27 ] FlowCTRL [ INFO ] - 140639378395200 - bp_general.py - 72: stdout_msg - ...
[ INFO ]: Processing action (Test procedure 1) Should take around (5m)
[ 2022-12-21 20:03:27 ] FlowCTRL [ DEBUG ] - 140639378395200 - action_handler.py - 99: handle_setup_cmd - 
[ 2022-12-21 20:03:27 ] FlowCTRL [ INFO ] - 140639378395200 - bp_general.py - 72: stdout_msg - ...
[ EXEC ]: Action (Test procedure 1) setup... (echo 'Preparing to execute payload...')
[ 2022-12-21 20:03:27 ] FlowCTRL [ DEBUG ] - 140639378395200 - action_handler.py - 128: handle_shell_cmd - 
[ 2022-12-21 20:03:27 ] FlowCTRL [ DEBUG ] - 140639378395200 - action_handler.py - 30: convert_action_time_to_seconds - 
[ 2022-12-21 20:03:27 ] FlowCTRL [ DEBUG ] - 140639369578176 - action_handler.py - 50: detached_shell - 
[ 2022-12-21 20:03:27 ] FlowCTRL [ DEBUG ] - 140639378395200 - action_handler.py - 109: handle_shell_cmd_timeout - 
[ 2022-12-21 20:03:27 ] FlowCTRL [ DEBUG ] - 140639369578176 - bp_shell.py - 13: shell_cmd - 
[ 2022-12-21 20:03:27 ] FlowCTRL [ DEBUG ] - 140639369578176 - bp_shell.py - 14: shell_cmd - Issuing system command: (echo 'Preparing to execute payload...')
[ 2022-12-21 20:03:27 ] FlowCTRL [ DEBUG ] - 140639369578176 - bp_shell.py - 19: shell_cmd - Output: (b'Preparing to execute payload...\n'), Errors: (b'')
[ 2022-12-21 20:03:27 ] FlowCTRL [ INFO ] - 140639378395200 - bp_general.py - 46: stdout_msg - Command terminated Successfully! Exit Code (0)
[ 2022-12-21 20:03:27 ] FlowCTRL [ DEBUG ] - 140639378395200 - action_handler.py - 59: handle_cmd - 
[ 2022-12-21 20:03:27 ] FlowCTRL [ INFO ] - 140639378395200 - bp_general.py - 72: stdout_msg - [ EXEC ]: Action (Test procedure 1)... (ls -la && echo 'Hey, this worked!' || echo 'What? Why?!!'; sleep 10)
[ 2022-12-21 20:03:27 ] FlowCTRL [ DEBUG ] - 140639378395200 - action_handler.py - 128: handle_shell_cmd - 
[ 2022-12-21 20:03:27 ] FlowCTRL [ DEBUG ] - 140639378395200 - action_handler.py - 30: convert_action_time_to_seconds - 
[ 2022-12-21 20:03:27 ] FlowCTRL [ DEBUG ] - 140639369578176 - action_handler.py - 50: detached_shell - 
[ 2022-12-21 20:03:27 ] FlowCTRL [ DEBUG ] - 140639378395200 - action_handler.py - 109: handle_shell_cmd_timeout - 
[ 2022-12-21 20:03:27 ] FlowCTRL [ DEBUG ] - 140639369578176 - bp_shell.py - 13: shell_cmd - 
[ 2022-12-21 20:03:27 ] FlowCTRL [ DEBUG ] - 140639369578176 - bp_shell.py - 14: shell_cmd - Issuing system command: (ls -la && echo 'Hey, this worked!' || echo 'What? Why?!!'; sleep 10)
[ 2022-12-21 20:03:29 ] FlowCTRL [ DEBUG ] - 140639369578176 - bp_shell.py - 19: shell_cmd - Output: (b'total 92\ndrwxr-xr-x  8 smx093pk01 smx093pk01  4096 Dec 21 20:03 .\ndrwxr-xr-x 13 smx093pk01 smx093pk01  4096 Dec 21 19:10 ..\ndrwxr-xr-x  2 smx093pk01 smx093pk01  4096 Dec 13 18:19 conf\ndrwxr-xr-x  2 smx093pk01 smx093pk01  4096 Dec 13 18:19 dump\n-rw-r--r--  1 smx093pk01 smx093pk01     0 Dec 21 20:03 .fc-report.tmp\n-rw-r--r--  1 smx093pk01 smx093pk01    85 Dec 21 20:03 .fc-state.tmp\nlrwxrwxrwx  1 smx093pk01 smx093pk01    12 Dec 13 18:19 flow-init -> flow_init.py\n-rwxr-xr-x  1 smx093pk01 smx093pk01 11448 Dec 13 18:30 flow_init.py\ndrwxr-xr-x  8 smx093pk01 smx093pk01  4096 Dec 13 18:31 .git\n-rw-r--r--  1 smx093pk01 smx093pk01    28 Dec 13 18:19 __init__.py\n-rw-r--r--  1 smx093pk01 smx093pk01 35149 Dec 13 18:19 LICENSE\ndrwxr-xr-x  2 smx093pk01 smx093pk01  4096 Dec 13 18:19 log\n-rw-r--r--  1 smx093pk01 smx093pk01    54 Dec 13 18:19 README.md\ndrwxr-xr-x  4 smx093pk01 smx093pk01  4096 Dec 13 18:20 src\ndrwxr-xr-x  4 smx093pk01 smx093pk01  4096 Dec 13 18:19 test\nHey, this worked!\n'), Errors: (b'')
